# JRE version: OpenJDK Runtime Environment (19.0.1+10) (build 19.0.1+10-21)
# Java VM: OpenJDK 64-Bit Server VM (19.0.1+10-21, mixed mode, emulated-client, sharing, tiered, compressed oops, compressed class ptrs, g1 gc, windows-amd64)
GC Precious Log:
 CardTable entry size: 512
 Card Set container configuration: InlinePtr #cards 4 size 8 Array Of Cards #cards 16 size 48 Howl #buckets 8 coarsen threshold 3686 Howl Bitmap #cards 512 size 80 coarsen threshold 460 Card regions per heap region 1 cards per card region 4096
 CPUs: 8 total, 8 available
 Memory: 10177M
 Large Page Support: Disabled
 NUMA Support: Disabled
 Compressed Oops: Enabled (Zero based)
 Heap Region Size: 2M
 Heap Min Capacity: 8M
 Heap Initial Capacity: 160M
 Heap Max Capacity: 2546M
 Pre-touch: Disabled
 Parallel Workers: 8
 Concurrent Workers: 2
 Concurrent Refinement Workers: 8
 Periodic GC: Disabled
Heap:
 garbage-first heap   total 921600K, used 644096K [0x0000000760e00000, 0x0000000800000000)
  region size 2048K, 7 young (14336K), 7 survivors (14336K)
 Metaspace       used 66775K, committed 67456K, reserved 1114112K
  class space    used 9067K, committed 9408K, reserved 1048576K
GC Heap History (20 events):
Event: 20.872 GC heap after
{Heap after GC invocations=22 (full 0):
 garbage-first heap   total 307200K, used 77787K [0x0000000760e00000, 0x0000000800000000)
  region size 2048K, 1 young (2048K), 1 survivors (2048K)
 Metaspace       used 66775K, committed 67456K, reserved 1114112K
  class space    used 9067K, committed 9408K, reserved 1048576K
}
Event: 21.110 GC heap before
{Heap before GC invocations=23 (full 0):
 garbage-first heap   total 307200K, used 155611K [0x0000000760e00000, 0x0000000800000000)
  region size 2048K, 40 young (81920K), 1 survivors (2048K)
 Metaspace       used 66775K, committed 67456K, reserved 1114112K
  class space    used 9067K, committed 9408K, reserved 1048576K
}
Event: 21.186 GC heap after
{Heap after GC invocations=24 (full 0):
 garbage-first heap   total 307200K, used 134849K [0x0000000760e00000, 0x0000000800000000)
  region size 2048K, 5 young (10240K), 5 survivors (10240K)
 Metaspace       used 66775K, committed 67456K, reserved 1114112K
  class space    used 9067K, committed 9408K, reserved 1048576K
}
Event: 21.190 GC heap before
{Heap before GC invocations=24 (full 0):
 garbage-first heap   total 307200K, used 138945K [0x0000000760e00000, 0x0000000800000000)
  region size 2048K, 7 young (14336K), 5 survivors (10240K)
 Metaspace       used 66775K, committed 67456K, reserved 1114112K
  class space    used 9067K, committed 9408K, reserved 1048576K
}
Event: 21.204 GC heap after
{Heap after GC invocations=25 (full 0):
 garbage-first heap   total 307200K, used 139264K [0x0000000760e00000, 0x0000000800000000)
  region size 2048K, 1 young (2048K), 1 survivors (2048K)
 Metaspace       used 66775K, committed 67456K, reserved 1114112K
  class space    used 9067K, committed 9408K, reserved 1048576K
}
Event: 21.252 GC heap before
{Heap before GC invocations=25 (full 0):
 garbage-first heap   total 307200K, used 188416K [0x0000000760e00000, 0x0000000800000000)
  region size 2048K, 26 young (53248K), 1 survivors (2048K)
 Metaspace       used 66775K, committed 67456K, reserved 1114112K
  class space    used 9067K, committed 9408K, reserved 1048576K
}
Event: 21.283 GC heap after
{Heap after GC invocations=26 (full 0):
 garbage-first heap   total 307200K, used 176128K [0x0000000760e00000, 0x0000000800000000)
  region size 2048K, 4 young (8192K), 4 survivors (8192K)
 Metaspace       used 66775K, committed 67456K, reserved 1114112K
  class space    used 9067K, committed 9408K, reserved 1048576K
}
Event: 21.317 GC heap before
{Heap before GC invocations=26 (full 0):
 garbage-first heap   total 307200K, used 212992K [0x0000000760e00000, 0x0000000800000000)
  region size 2048K, 22 young (45056K), 4 survivors (8192K)
 Metaspace       used 66775K, committed 67456K, reserved 1114112K
  class space    used 9067K, committed 9408K, reserved 1048576K
}
Event: 21.343 GC heap after
{Heap after GC invocations=27 (full 0):
 garbage-first heap   total 307200K, used 204759K [0x0000000760e00000, 0x0000000800000000)
  region size 2048K, 3 young (6144K), 3 survivors (6144K)
 Metaspace       used 66775K, committed 67456K, reserved 1114112K
  class space    used 9067K, committed 9408K, reserved 1048576K
}
Event: 21.367 GC heap before
{Heap before GC invocations=27 (full 0):
 garbage-first heap   total 307200K, used 229335K [0x0000000760e00000, 0x0000000800000000)
  region size 2048K, 15 young (30720K), 3 survivors (6144K)
 Metaspace       used 66775K, committed 67456K, reserved 1114112K
  class space    used 9067K, committed 9408K, reserved 1048576K
}
Event: 21.389 GC heap after
{Heap after GC invocations=28 (full 0):
 garbage-first heap   total 921600K, used 223925K [0x0000000760e00000, 0x0000000800000000)
  region size 2048K, 2 young (4096K), 2 survivors (4096K)
 Metaspace       used 66775K, committed 67456K, reserved 1114112K
  class space    used 9067K, committed 9408K, reserved 1048576K
}
Event: 21.899 GC heap before
{Heap before GC invocations=29 (full 0):
 garbage-first heap   total 921600K, used 418484K [0x0000000760e00000, 0x0000000800000000)
  region size 2048K, 97 young (198656K), 2 survivors (4096K)
 Metaspace       used 66775K, committed 67456K, reserved 1114112K
  class space    used 9067K, committed 9408K, reserved 1048576K
}
Event: 21.997 GC heap after
{Heap after GC invocations=30 (full 0):
 garbage-first heap   total 921600K, used 362496K [0x0000000760e00000, 0x0000000800000000)
  region size 2048K, 13 young (26624K), 13 survivors (26624K)
 Metaspace       used 66775K, committed 67456K, reserved 1114112K
  class space    used 9067K, committed 9408K, reserved 1048576K
}
Event: 22.014 GC heap before
{Heap before GC invocations=30 (full 0):
 garbage-first heap   total 921600K, used 380928K [0x0000000760e00000, 0x0000000800000000)
  region size 2048K, 22 young (45056K), 13 survivors (26624K)
 Metaspace       used 66775K, committed 67456K, reserved 1114112K
  class space    used 9067K, committed 9408K, reserved 1048576K
}
Event: 22.045 GC heap after
{Heap after GC invocations=31 (full 0):
 garbage-first heap   total 921600K, used 377856K [0x0000000760e00000, 0x0000000800000000)
  region size 2048K, 3 young (6144K), 3 survivors (6144K)
 Metaspace       used 66775K, committed 67456K, reserved 1114112K
  class space    used 9067K, committed 9408K, reserved 1048576K
}
Event: 22.173 GC heap before
{Heap before GC invocations=31 (full 0):
 garbage-first heap   total 921600K, used 527360K [0x0000000760e00000, 0x0000000800000000)
  region size 2048K, 76 young (155648K), 3 survivors (6144K)
 Metaspace       used 66775K, committed 67456K, reserved 1114112K
  class space    used 9067K, committed 9408K, reserved 1048576K
}
Event: 22.248 GC heap after
{Heap after GC invocations=32 (full 0):
 garbage-first heap   total 921600K, used 487424K [0x0000000760e00000, 0x0000000800000000)
  region size 2048K, 10 young (20480K), 10 survivors (20480K)
 Metaspace       used 66775K, committed 67456K, reserved 1114112K
  class space    used 9067K, committed 9408K, reserved 1048576K
}
Event: 22.394 GC heap before
{Heap before GC invocations=32 (full 0):
 garbage-first heap   total 921600K, used 606208K [0x0000000760e00000, 0x0000000800000000)
  region size 2048K, 68 young (139264K), 10 survivors (20480K)
 Metaspace       used 66775K, committed 67456K, reserved 1114112K
  class space    used 9067K, committed 9408K, reserved 1048576K
}
Event: 22.481 GC heap after
{Heap after GC invocations=33 (full 0):
 garbage-first heap   total 921600K, used 575488K [0x0000000760e00000, 0x0000000800000000)
  region size 2048K, 9 young (18432K), 9 survivors (18432K)
 Metaspace       used 66775K, committed 67456K, reserved 1114112K
  class space    used 9067K, committed 9408K, reserved 1048576K
}
Event: 22.573 GC heap before
{Heap before GC invocations=33 (full 0):
 garbage-first heap   total 921600K, used 667648K [0x0000000760e00000, 0x0000000800000000)
  region size 2048K, 54 young (110592K), 9 survivors (18432K)
 Metaspace       used 66775K, committed 67456K, reserved 1114112K
  class space    used 9067K, committed 9408K, reserved 1048576K
}

