# JRE version: OpenJDK Runtime Environment (19.0.1+10) (build 19.0.1+10-21)
# Java VM: OpenJDK 64-Bit Server VM (19.0.1+10-21, mixed mode, emulated-client, sharing, tiered, compressed oops, compressed class ptrs, g1 gc, windows-amd64)
GC Precious Log:
 CardTable entry size: 512
 Card Set container configuration: InlinePtr #cards 4 size 8 Array Of Cards #cards 16 size 48 Howl #buckets 8 coarsen threshold 3686 Howl Bitmap #cards 512 size 80 coarsen threshold 460 Card regions per heap region 1 cards per card region 4096
 CPUs: 8 total, 8 available
 Memory: 10177M
 Large Page Support: Disabled
 NUMA Support: Disabled
 Compressed Oops: Enabled (Zero based)
 Heap Region Size: 2M
 Heap Min Capacity: 8M
 Heap Initial Capacity: 160M
 Heap Max Capacity: 2546M
 Pre-touch: Disabled
 Parallel Workers: 8
 Concurrent Workers: 2
 Concurrent Refinement Workers: 8
 Periodic GC: Disabled
Heap:
 garbage-first heap   total 165888K, used 150687K [0x0000000760e00000, 0x0000000800000000)
  region size 2048K, 2 young (4096K), 1 survivors (2048K)
 Metaspace       used 65562K, committed 66624K, reserved 1114112K
  class space    used 8867K, committed 9280K, reserved 1048576K
GC Heap History (20 events):
Event: 78.867 GC heap before
{Heap before GC invocations=66 (full 0):
 garbage-first heap   total 165888K, used 133324K [0x0000000760e00000, 0x0000000800000000)
  region size 2048K, 5 young (10240K), 1 survivors (2048K)
 Metaspace       used 65562K, committed 66624K, reserved 1114112K
  class space    used 8867K, committed 9280K, reserved 1048576K
}
Event: 78.870 GC heap after
{Heap after GC invocations=67 (full 0):
 garbage-first heap   total 165888K, used 131053K [0x0000000760e00000, 0x0000000800000000)
  region size 2048K, 1 young (2048K), 1 survivors (2048K)
 Metaspace       used 65562K, committed 66624K, reserved 1114112K
  class space    used 8867K, committed 9280K, reserved 1048576K
}
Event: 79.124 GC heap before
{Heap before GC invocations=67 (full 0):
 garbage-first heap   total 165888K, used 135149K [0x0000000760e00000, 0x0000000800000000)
  region size 2048K, 4 young (8192K), 1 survivors (2048K)
 Metaspace       used 65562K, committed 66624K, reserved 1114112K
  class space    used 8867K, committed 9280K, reserved 1048576K
}
Event: 79.128 GC heap after
{Heap after GC invocations=68 (full 0):
 garbage-first heap   total 165888K, used 133768K [0x0000000760e00000, 0x0000000800000000)
  region size 2048K, 1 young (2048K), 1 survivors (2048K)
 Metaspace       used 65562K, committed 66624K, reserved 1114112K
  class space    used 8867K, committed 9280K, reserved 1048576K
}
Event: 79.400 GC heap before
{Heap before GC invocations=68 (full 0):
 garbage-first heap   total 165888K, used 137864K [0x0000000760e00000, 0x0000000800000000)
  region size 2048K, 4 young (8192K), 1 survivors (2048K)
 Metaspace       used 65562K, committed 66624K, reserved 1114112K
  class space    used 8867K, committed 9280K, reserved 1048576K
}
Event: 79.402 GC heap after
{Heap after GC invocations=69 (full 0):
 garbage-first heap   total 165888K, used 136612K [0x0000000760e00000, 0x0000000800000000)
  region size 2048K, 1 young (2048K), 1 survivors (2048K)
 Metaspace       used 65562K, committed 66624K, reserved 1114112K
  class space    used 8867K, committed 9280K, reserved 1048576K
}
Event: 82.735 GC heap before
{Heap before GC invocations=69 (full 0):
 garbage-first heap   total 165888K, used 140708K [0x0000000760e00000, 0x0000000800000000)
  region size 2048K, 4 young (8192K), 1 survivors (2048K)
 Metaspace       used 65562K, committed 66624K, reserved 1114112K
  class space    used 8867K, committed 9280K, reserved 1048576K
}
Event: 82.738 GC heap after
{Heap after GC invocations=70 (full 0):
 garbage-first heap   total 165888K, used 138097K [0x0000000760e00000, 0x0000000800000000)
  region size 2048K, 1 young (2048K), 1 survivors (2048K)
 Metaspace       used 65562K, committed 66624K, reserved 1114112K
  class space    used 8867K, committed 9280K, reserved 1048576K
}
Event: 83.466 GC heap before
{Heap before GC invocations=70 (full 0):
 garbage-first heap   total 165888K, used 142193K [0x0000000760e00000, 0x0000000800000000)
  region size 2048K, 4 young (8192K), 1 survivors (2048K)
 Metaspace       used 65562K, committed 66624K, reserved 1114112K
  class space    used 8867K, committed 9280K, reserved 1048576K
}
Event: 83.469 GC heap after
{Heap after GC invocations=71 (full 0):
 garbage-first heap   total 165888K, used 140364K [0x0000000760e00000, 0x0000000800000000)
  region size 2048K, 1 young (2048K), 1 survivors (2048K)
 Metaspace       used 65562K, committed 66624K, reserved 1114112K
  class space    used 8867K, committed 9280K, reserved 1048576K
}
Event: 83.786 GC heap before
{Heap before GC invocations=71 (full 0):
 garbage-first heap   total 165888K, used 144460K [0x0000000760e00000, 0x0000000800000000)
  region size 2048K, 4 young (8192K), 1 survivors (2048K)
 Metaspace       used 65562K, committed 66624K, reserved 1114112K
  class space    used 8867K, committed 9280K, reserved 1048576K
}
Event: 83.789 GC heap after
{Heap after GC invocations=72 (full 0):
 garbage-first heap   total 165888K, used 143426K [0x0000000760e00000, 0x0000000800000000)
  region size 2048K, 1 young (2048K), 1 survivors (2048K)
 Metaspace       used 65562K, committed 66624K, reserved 1114112K
  class space    used 8867K, committed 9280K, reserved 1048576K
}
Event: 85.050 GC heap before
{Heap before GC invocations=72 (full 0):
 garbage-first heap   total 165888K, used 149570K [0x0000000760e00000, 0x0000000800000000)
  region size 2048K, 4 young (8192K), 1 survivors (2048K)
 Metaspace       used 65562K, committed 66624K, reserved 1114112K
  class space    used 8867K, committed 9280K, reserved 1048576K
}
Event: 85.052 GC heap after
{Heap after GC invocations=73 (full 0):
 garbage-first heap   total 165888K, used 145794K [0x0000000760e00000, 0x0000000800000000)
  region size 2048K, 1 young (2048K), 1 survivors (2048K)
 Metaspace       used 65562K, committed 66624K, reserved 1114112K
  class space    used 8867K, committed 9280K, reserved 1048576K
}
Event: 86.360 GC heap before
{Heap before GC invocations=73 (full 0):
 garbage-first heap   total 165888K, used 149890K [0x0000000760e00000, 0x0000000800000000)
  region size 2048K, 4 young (8192K), 1 survivors (2048K)
 Metaspace       used 65562K, committed 66624K, reserved 1114112K
  class space    used 8867K, committed 9280K, reserved 1048576K
}
Event: 86.363 GC heap after
{Heap after GC invocations=74 (full 0):
 garbage-first heap   total 165888K, used 148309K [0x0000000760e00000, 0x0000000800000000)
  region size 2048K, 1 young (2048K), 1 survivors (2048K)
 Metaspace       used 65562K, committed 66624K, reserved 1114112K
  class space    used 8867K, committed 9280K, reserved 1048576K
}
Event: 90.255 GC heap before
{Heap before GC invocations=74 (full 0):
 garbage-first heap   total 165888K, used 154453K [0x0000000760e00000, 0x0000000800000000)
  region size 2048K, 4 young (8192K), 1 survivors (2048K)
 Metaspace       used 65562K, committed 66624K, reserved 1114112K
  class space    used 8867K, committed 9280K, reserved 1048576K
}
Event: 90.257 GC heap after
{Heap after GC invocations=75 (full 0):
 garbage-first heap   total 165888K, used 149000K [0x0000000760e00000, 0x0000000800000000)
  region size 2048K, 1 young (2048K), 1 survivors (2048K)
 Metaspace       used 65562K, committed 66624K, reserved 1114112K
  class space    used 8867K, committed 9280K, reserved 1048576K
}
Event: 92.615 GC heap before
{Heap before GC invocations=75 (full 0):
 garbage-first heap   total 165888K, used 153096K [0x0000000760e00000, 0x0000000800000000)
  region size 2048K, 4 young (8192K), 1 survivors (2048K)
 Metaspace       used 65562K, committed 66624K, reserved 1114112K
  class space    used 8867K, committed 9280K, reserved 1048576K
}
Event: 92.617 GC heap after
{Heap after GC invocations=76 (full 0):
 garbage-first heap   total 165888K, used 150687K [0x0000000760e00000, 0x0000000800000000)
  region size 2048K, 1 young (2048K), 1 survivors (2048K)
 Metaspace       used 65562K, committed 66624K, reserved 1114112K
  class space    used 8867K, committed 9280K, reserved 1048576K
}

