# JRE version: OpenJDK Runtime Environment (19.0.1+10) (build 19.0.1+10-21)
# Java VM: OpenJDK 64-Bit Server VM (19.0.1+10-21, mixed mode, emulated-client, sharing, tiered, compressed oops, compressed class ptrs, g1 gc, windows-amd64)
GC Precious Log:
 CardTable entry size: 512
 Card Set container configuration: InlinePtr #cards 4 size 8 Array Of Cards #cards 16 size 48 Howl #buckets 8 coarsen threshold 3686 Howl Bitmap #cards 512 size 80 coarsen threshold 460 Card regions per heap region 1 cards per card region 4096
 CPUs: 8 total, 8 available
 Memory: 10177M
 Large Page Support: Disabled
 NUMA Support: Disabled
 Compressed Oops: Enabled (Zero based)
 Heap Region Size: 2M
 Heap Min Capacity: 8M
 Heap Initial Capacity: 160M
 Heap Max Capacity: 2546M
 Pre-touch: Disabled
 Parallel Workers: 8
 Concurrent Workers: 2
 Concurrent Refinement Workers: 8
 Periodic GC: Disabled
Heap:
 garbage-first heap   total 595968K, used 421888K [0x0000000760e00000, 0x0000000800000000)
  region size 2048K, 5 young (10240K), 5 survivors (10240K)
 Metaspace       used 66797K, committed 67392K, reserved 1114112K
  class space    used 9081K, committed 9344K, reserved 1048576K
GC Heap History (20 events):
Event: 19.796 GC heap after
{Heap after GC invocations=19 (full 0):
 garbage-first heap   total 198656K, used 61658K [0x0000000760e00000, 0x0000000800000000)
  region size 2048K, 1 young (2048K), 1 survivors (2048K)
 Metaspace       used 66796K, committed 67392K, reserved 1114112K
  class space    used 9081K, committed 9344K, reserved 1048576K
}
Event: 19.954 GC heap before
{Heap before GC invocations=20 (full 0):
 garbage-first heap   total 198656K, used 112858K [0x0000000760e00000, 0x0000000800000000)
  region size 2048K, 27 young (55296K), 1 survivors (2048K)
 Metaspace       used 66797K, committed 67392K, reserved 1114112K
  class space    used 9081K, committed 9344K, reserved 1048576K
}
Event: 19.982 GC heap after
{Heap after GC invocations=21 (full 0):
 garbage-first heap   total 198656K, used 99609K [0x0000000760e00000, 0x0000000800000000)
  region size 2048K, 4 young (8192K), 4 survivors (8192K)
 Metaspace       used 66797K, committed 67392K, reserved 1114112K
  class space    used 9081K, committed 9344K, reserved 1048576K
}
Event: 19.985 GC heap before
{Heap before GC invocations=21 (full 0):
 garbage-first heap   total 198656K, used 101657K [0x0000000760e00000, 0x0000000800000000)
  region size 2048K, 5 young (10240K), 4 survivors (8192K)
 Metaspace       used 66797K, committed 67392K, reserved 1114112K
  class space    used 9081K, committed 9344K, reserved 1048576K
}
Event: 19.995 GC heap after
{Heap after GC invocations=22 (full 0):
 garbage-first heap   total 198656K, used 102780K [0x0000000760e00000, 0x0000000800000000)
  region size 2048K, 1 young (2048K), 1 survivors (2048K)
 Metaspace       used 66797K, committed 67392K, reserved 1114112K
  class space    used 9081K, committed 9344K, reserved 1048576K
}
Event: 20.019 GC heap before
{Heap before GC invocations=22 (full 0):
 garbage-first heap   total 198656K, used 131452K [0x0000000760e00000, 0x0000000800000000)
  region size 2048K, 15 young (30720K), 1 survivors (2048K)
 Metaspace       used 66797K, committed 67392K, reserved 1114112K
  class space    used 9081K, committed 9344K, reserved 1048576K
}
Event: 20.035 GC heap after
{Heap after GC invocations=23 (full 0):
 garbage-first heap   total 198656K, used 124900K [0x0000000760e00000, 0x0000000800000000)
  region size 2048K, 2 young (4096K), 2 survivors (4096K)
 Metaspace       used 66797K, committed 67392K, reserved 1114112K
  class space    used 9081K, committed 9344K, reserved 1048576K
}
Event: 20.051 GC heap before
{Heap before GC invocations=23 (full 0):
 garbage-first heap   total 198656K, used 143332K [0x0000000760e00000, 0x0000000800000000)
  region size 2048K, 11 young (22528K), 2 survivors (4096K)
 Metaspace       used 66797K, committed 67392K, reserved 1114112K
  class space    used 9081K, committed 9344K, reserved 1048576K
}
Event: 20.063 GC heap after
{Heap after GC invocations=24 (full 0):
 garbage-first heap   total 198656K, used 139264K [0x0000000760e00000, 0x0000000800000000)
  region size 2048K, 2 young (4096K), 2 survivors (4096K)
 Metaspace       used 66797K, committed 67392K, reserved 1114112K
  class space    used 9081K, committed 9344K, reserved 1048576K
}
Event: 20.084 GC heap before
{Heap before GC invocations=24 (full 0):
 garbage-first heap   total 198656K, used 151552K [0x0000000760e00000, 0x0000000800000000)
  region size 2048K, 8 young (16384K), 2 survivors (4096K)
 Metaspace       used 66797K, committed 67392K, reserved 1114112K
  class space    used 9081K, committed 9344K, reserved 1048576K
}
Event: 20.095 GC heap after
{Heap after GC invocations=25 (full 0):
 garbage-first heap   total 595968K, used 149196K [0x0000000760e00000, 0x0000000800000000)
  region size 2048K, 1 young (2048K), 1 survivors (2048K)
 Metaspace       used 66797K, committed 67392K, reserved 1114112K
  class space    used 9081K, committed 9344K, reserved 1048576K
}
Event: 20.440 GC heap before
{Heap before GC invocations=26 (full 0):
 garbage-first heap   total 595968K, used 276172K [0x0000000760e00000, 0x0000000800000000)
  region size 2048K, 63 young (129024K), 1 survivors (2048K)
 Metaspace       used 66797K, committed 67392K, reserved 1114112K
  class space    used 9081K, committed 9344K, reserved 1048576K
}
Event: 20.501 GC heap after
{Heap after GC invocations=27 (full 0):
 garbage-first heap   total 595968K, used 240480K [0x0000000760e00000, 0x0000000800000000)
  region size 2048K, 8 young (16384K), 8 survivors (16384K)
 Metaspace       used 66797K, committed 67392K, reserved 1114112K
  class space    used 9081K, committed 9344K, reserved 1048576K
}
Event: 20.512 GC heap before
{Heap before GC invocations=27 (full 0):
 garbage-first heap   total 595968K, used 252768K [0x0000000760e00000, 0x0000000800000000)
  region size 2048K, 14 young (28672K), 8 survivors (16384K)
 Metaspace       used 66797K, committed 67392K, reserved 1114112K
  class space    used 9081K, committed 9344K, reserved 1048576K
}
Event: 20.530 GC heap after
{Heap after GC invocations=28 (full 0):
 garbage-first heap   total 595968K, used 251904K [0x0000000760e00000, 0x0000000800000000)
  region size 2048K, 2 young (4096K), 2 survivors (4096K)
 Metaspace       used 66797K, committed 67392K, reserved 1114112K
  class space    used 9081K, committed 9344K, reserved 1048576K
}
Event: 20.604 GC heap before
{Heap before GC invocations=28 (full 0):
 garbage-first heap   total 595968K, used 346112K [0x0000000760e00000, 0x0000000800000000)
  region size 2048K, 48 young (98304K), 2 survivors (4096K)
 Metaspace       used 66797K, committed 67392K, reserved 1114112K
  class space    used 9081K, committed 9344K, reserved 1048576K
}
Event: 20.653 GC heap after
{Heap after GC invocations=29 (full 0):
 garbage-first heap   total 595968K, used 321536K [0x0000000760e00000, 0x0000000800000000)
  region size 2048K, 6 young (12288K), 6 survivors (12288K)
 Metaspace       used 66797K, committed 67392K, reserved 1114112K
  class space    used 9081K, committed 9344K, reserved 1048576K
}
Event: 20.713 GC heap before
{Heap before GC invocations=29 (full 0):
 garbage-first heap   total 595968K, used 395264K [0x0000000760e00000, 0x0000000800000000)
  region size 2048K, 42 young (86016K), 6 survivors (12288K)
 Metaspace       used 66797K, committed 67392K, reserved 1114112K
  class space    used 9081K, committed 9344K, reserved 1048576K
}
Event: 20.757 GC heap after
{Heap after GC invocations=30 (full 0):
 garbage-first heap   total 595968K, used 376832K [0x0000000760e00000, 0x0000000800000000)
  region size 2048K, 6 young (12288K), 6 survivors (12288K)
 Metaspace       used 66797K, committed 67392K, reserved 1114112K
  class space    used 9081K, committed 9344K, reserved 1048576K
}
Event: 20.805 GC heap before
{Heap before GC invocations=30 (full 0):
 garbage-first heap   total 595968K, used 434176K [0x0000000760e00000, 0x0000000800000000)
  region size 2048K, 34 young (69632K), 6 survivors (12288K)
 Metaspace       used 66797K, committed 67392K, reserved 1114112K
  class space    used 9081K, committed 9344K, reserved 1048576K
}

