# JRE version: OpenJDK Runtime Environment (19.0.1+10) (build 19.0.1+10-21)
# Java VM: OpenJDK 64-Bit Server VM (19.0.1+10-21, mixed mode, emulated-client, sharing, tiered, compressed oops, compressed class ptrs, g1 gc, windows-amd64)
GC Precious Log:
 CardTable entry size: 512
 Card Set container configuration: InlinePtr #cards 4 size 8 Array Of Cards #cards 16 size 48 Howl #buckets 8 coarsen threshold 3686 Howl Bitmap #cards 512 size 80 coarsen threshold 460 Card regions per heap region 1 cards per card region 4096
 CPUs: 8 total, 8 available
 Memory: 10177M
 Large Page Support: Disabled
 NUMA Support: Disabled
 Compressed Oops: Enabled (Zero based)
 Heap Region Size: 2M
 Heap Min Capacity: 8M
 Heap Initial Capacity: 160M
 Heap Max Capacity: 2546M
 Pre-touch: Disabled
 Parallel Workers: 8
 Concurrent Workers: 2
 Concurrent Refinement Workers: 8
 Periodic GC: Disabled
Heap:
 garbage-first heap   total 63488K, used 24989K [0x0000000515e00000, 0x00000005b5000000)
  region size 2048K, 2 young (4096K), 2 survivors (4096K)
 Metaspace       used 60192K, committed 60736K, reserved 1114112K
  class space    used 8249K, committed 8512K, reserved 1048576K
GC Heap History (20 events):
Event: 3.680 GC heap before
{Heap before GC invocations=6 (full 0):
 garbage-first heap   total 49152K, used 27123K [0x0000000515e00000, 0x00000005b5000000)
  region size 2048K, 9 young (18432K), 1 survivors (2048K)
 Metaspace       used 27110K, committed 27520K, reserved 1114112K
  class space    used 3442K, committed 3648K, reserved 1048576K
}
Event: 3.683 GC heap after
{Heap after GC invocations=7 (full 0):
 garbage-first heap   total 49152K, used 13706K [0x0000000515e00000, 0x00000005b5000000)
  region size 2048K, 1 young (2048K), 1 survivors (2048K)
 Metaspace       used 27110K, committed 27520K, reserved 1114112K
  class space    used 3442K, committed 3648K, reserved 1048576K
}
Event: 4.221 GC heap before
{Heap before GC invocations=7 (full 0):
 garbage-first heap   total 49152K, used 32138K [0x0000000515e00000, 0x00000005b5000000)
  region size 2048K, 10 young (20480K), 1 survivors (2048K)
 Metaspace       used 30691K, committed 31168K, reserved 1114112K
  class space    used 3984K, committed 4224K, reserved 1048576K
}
Event: 4.226 GC heap after
{Heap after GC invocations=8 (full 0):
 garbage-first heap   total 49152K, used 15609K [0x0000000515e00000, 0x00000005b5000000)
  region size 2048K, 2 young (4096K), 2 survivors (4096K)
 Metaspace       used 30691K, committed 31168K, reserved 1114112K
  class space    used 3984K, committed 4224K, reserved 1048576K
}
Event: 4.654 GC heap before
{Heap before GC invocations=8 (full 0):
 garbage-first heap   total 49152K, used 29945K [0x0000000515e00000, 0x00000005b5000000)
  region size 2048K, 10 young (20480K), 2 survivors (4096K)
 Metaspace       used 33452K, committed 33984K, reserved 1114112K
  class space    used 4355K, committed 4608K, reserved 1048576K
}
Event: 4.659 GC heap after
{Heap after GC invocations=9 (full 0):
 garbage-first heap   total 49152K, used 17431K [0x0000000515e00000, 0x00000005b5000000)
  region size 2048K, 2 young (4096K), 2 survivors (4096K)
 Metaspace       used 33452K, committed 33984K, reserved 1114112K
  class space    used 4355K, committed 4608K, reserved 1048576K
}
Event: 4.953 GC heap before
{Heap before GC invocations=9 (full 0):
 garbage-first heap   total 49152K, used 25623K [0x0000000515e00000, 0x00000005b5000000)
  region size 2048K, 8 young (16384K), 2 survivors (4096K)
 Metaspace       used 35703K, committed 36288K, reserved 1114112K
  class space    used 4646K, committed 4928K, reserved 1048576K
}
Event: 4.958 GC heap after
{Heap after GC invocations=10 (full 0):
 garbage-first heap   total 63488K, used 18604K [0x0000000515e00000, 0x00000005b5000000)
  region size 2048K, 2 young (4096K), 2 survivors (4096K)
 Metaspace       used 35703K, committed 36288K, reserved 1114112K
  class space    used 4646K, committed 4928K, reserved 1048576K
}
Event: 5.817 GC heap before
{Heap before GC invocations=11 (full 0):
 garbage-first heap   total 63488K, used 43180K [0x0000000515e00000, 0x00000005b5000000)
  region size 2048K, 14 young (28672K), 2 survivors (4096K)
 Metaspace       used 43120K, committed 43648K, reserved 1114112K
  class space    used 5668K, committed 5888K, reserved 1048576K
}
Event: 5.822 GC heap after
{Heap after GC invocations=12 (full 0):
 garbage-first heap   total 63488K, used 19854K [0x0000000515e00000, 0x00000005b5000000)
  region size 2048K, 2 young (4096K), 2 survivors (4096K)
 Metaspace       used 43120K, committed 43648K, reserved 1114112K
  class space    used 5668K, committed 5888K, reserved 1048576K
}
Event: 5.866 GC heap before
{Heap before GC invocations=12 (full 0):
 garbage-first heap   total 63488K, used 21902K [0x0000000515e00000, 0x00000005b5000000)
  region size 2048K, 3 young (6144K), 2 survivors (4096K)
 Metaspace       used 43811K, committed 44352K, reserved 1114112K
  class space    used 5770K, committed 6016K, reserved 1048576K
}
Event: 5.870 GC heap after
{Heap after GC invocations=13 (full 0):
 garbage-first heap   total 63488K, used 19891K [0x0000000515e00000, 0x00000005b5000000)
  region size 2048K, 1 young (2048K), 1 survivors (2048K)
 Metaspace       used 43811K, committed 44352K, reserved 1114112K
  class space    used 5770K, committed 6016K, reserved 1048576K
}
Event: 6.659 GC heap before
{Heap before GC invocations=13 (full 0):
 garbage-first heap   total 63488K, used 44467K [0x0000000515e00000, 0x00000005b5000000)
  region size 2048K, 13 young (26624K), 1 survivors (2048K)
 Metaspace       used 50842K, committed 51456K, reserved 1114112K
  class space    used 6872K, committed 7168K, reserved 1048576K
}
Event: 6.663 GC heap after
{Heap after GC invocations=14 (full 0):
 garbage-first heap   total 63488K, used 21114K [0x0000000515e00000, 0x00000005b5000000)
  region size 2048K, 1 young (2048K), 1 survivors (2048K)
 Metaspace       used 50842K, committed 51456K, reserved 1114112K
  class space    used 6872K, committed 7168K, reserved 1048576K
}
Event: 7.413 GC heap before
{Heap before GC invocations=14 (full 0):
 garbage-first heap   total 63488K, used 45690K [0x0000000515e00000, 0x00000005b5000000)
  region size 2048K, 13 young (26624K), 1 survivors (2048K)
 Metaspace       used 56025K, committed 56640K, reserved 1114112K
  class space    used 7584K, committed 7872K, reserved 1048576K
}
Event: 7.417 GC heap after
{Heap after GC invocations=15 (full 0):
 garbage-first heap   total 63488K, used 22911K [0x0000000515e00000, 0x00000005b5000000)
  region size 2048K, 2 young (4096K), 2 survivors (4096K)
 Metaspace       used 56025K, committed 56640K, reserved 1114112K
  class space    used 7584K, committed 7872K, reserved 1048576K
}
Event: 8.056 GC heap before
{Heap before GC invocations=15 (full 0):
 garbage-first heap   total 63488K, used 47487K [0x0000000515e00000, 0x00000005b5000000)
  region size 2048K, 14 young (28672K), 2 survivors (4096K)
 Metaspace       used 59500K, committed 60096K, reserved 1114112K
  class space    used 8139K, committed 8448K, reserved 1048576K
}
Event: 8.061 GC heap after
{Heap after GC invocations=16 (full 0):
 garbage-first heap   total 63488K, used 24354K [0x0000000515e00000, 0x00000005b5000000)
  region size 2048K, 2 young (4096K), 2 survivors (4096K)
 Metaspace       used 59500K, committed 60096K, reserved 1114112K
  class space    used 8139K, committed 8448K, reserved 1048576K
}
Event: 8.211 GC heap before
{Heap before GC invocations=16 (full 0):
 garbage-first heap   total 63488K, used 28450K [0x0000000515e00000, 0x00000005b5000000)
  region size 2048K, 5 young (10240K), 2 survivors (4096K)
 Metaspace       used 60192K, committed 60736K, reserved 1114112K
  class space    used 8249K, committed 8512K, reserved 1048576K
}
Event: 8.215 GC heap after
{Heap after GC invocations=17 (full 0):
 garbage-first heap   total 63488K, used 24989K [0x0000000515e00000, 0x00000005b5000000)
  region size 2048K, 2 young (4096K), 2 survivors (4096K)
 Metaspace       used 60192K, committed 60736K, reserved 1114112K
  class space    used 8249K, committed 8512K, reserved 1048576K
}

