# JRE version: OpenJDK Runtime Environment (19.0.1+10) (build 19.0.1+10-21)
# Java VM: OpenJDK 64-Bit Server VM (19.0.1+10-21, mixed mode, emulated-client, sharing, tiered, compressed oops, compressed class ptrs, g1 gc, windows-amd64)
GC Precious Log:
 CardTable entry size: 512
 Card Set container configuration: InlinePtr #cards 4 size 8 Array Of Cards #cards 16 size 48 Howl #buckets 8 coarsen threshold 3686 Howl Bitmap #cards 512 size 80 coarsen threshold 460 Card regions per heap region 1 cards per card region 4096
 CPUs: 8 total, 8 available
 Memory: 10177M
 Large Page Support: Disabled
 NUMA Support: Disabled
 Compressed Oops: Enabled (Zero based)
 Heap Region Size: 2M
 Heap Min Capacity: 8M
 Heap Initial Capacity: 160M
 Heap Max Capacity: 2546M
 Pre-touch: Disabled
 Parallel Workers: 8
 Concurrent Workers: 2
 Concurrent Refinement Workers: 8
 Periodic GC: Disabled
Heap:
 garbage-first heap   total 866304K, used 583408K [0x0000000760e00000, 0x0000000800000000)
  region size 2048K, 6 young (12288K), 6 survivors (12288K)
 Metaspace       used 66795K, committed 67392K, reserved 1114112K
  class space    used 9079K, committed 9344K, reserved 1048576K
GC Heap History (20 events):
Event: 20.873 GC heap after
{Heap after GC invocations=21 (full 0):
 garbage-first heap   total 288768K, used 74597K [0x0000000760e00000, 0x0000000800000000)
  region size 2048K, 1 young (2048K), 1 survivors (2048K)
 Metaspace       used 66795K, committed 67392K, reserved 1114112K
  class space    used 9079K, committed 9344K, reserved 1048576K
}
Event: 21.101 GC heap before
{Heap before GC invocations=22 (full 0):
 garbage-first heap   total 288768K, used 152421K [0x0000000760e00000, 0x0000000800000000)
  region size 2048K, 40 young (81920K), 1 survivors (2048K)
 Metaspace       used 66795K, committed 67392K, reserved 1114112K
  class space    used 9079K, committed 9344K, reserved 1048576K
}
Event: 21.187 GC heap after
{Heap after GC invocations=23 (full 0):
 garbage-first heap   total 288768K, used 131148K [0x0000000760e00000, 0x0000000800000000)
  region size 2048K, 5 young (10240K), 5 survivors (10240K)
 Metaspace       used 66795K, committed 67392K, reserved 1114112K
  class space    used 9079K, committed 9344K, reserved 1048576K
}
Event: 21.191 GC heap before
{Heap before GC invocations=23 (full 0):
 garbage-first heap   total 288768K, used 135244K [0x0000000760e00000, 0x0000000800000000)
  region size 2048K, 7 young (14336K), 5 survivors (10240K)
 Metaspace       used 66795K, committed 67392K, reserved 1114112K
  class space    used 9079K, committed 9344K, reserved 1048576K
}
Event: 21.206 GC heap after
{Heap after GC invocations=24 (full 0):
 garbage-first heap   total 288768K, used 136054K [0x0000000760e00000, 0x0000000800000000)
  region size 2048K, 1 young (2048K), 1 survivors (2048K)
 Metaspace       used 66795K, committed 67392K, reserved 1114112K
  class space    used 9079K, committed 9344K, reserved 1048576K
}
Event: 21.248 GC heap before
{Heap before GC invocations=24 (full 0):
 garbage-first heap   total 288768K, used 181110K [0x0000000760e00000, 0x0000000800000000)
  region size 2048K, 23 young (47104K), 1 survivors (2048K)
 Metaspace       used 66795K, committed 67392K, reserved 1114112K
  class space    used 9079K, committed 9344K, reserved 1048576K
}
Event: 21.278 GC heap after
{Heap after GC invocations=25 (full 0):
 garbage-first heap   total 288768K, used 169984K [0x0000000760e00000, 0x0000000800000000)
  region size 2048K, 3 young (6144K), 3 survivors (6144K)
 Metaspace       used 66795K, committed 67392K, reserved 1114112K
  class space    used 9079K, committed 9344K, reserved 1048576K
}
Event: 21.310 GC heap before
{Heap before GC invocations=25 (full 0):
 garbage-first heap   total 288768K, used 202752K [0x0000000760e00000, 0x0000000800000000)
  region size 2048K, 19 young (38912K), 3 survivors (6144K)
 Metaspace       used 66795K, committed 67392K, reserved 1114112K
  class space    used 9079K, committed 9344K, reserved 1048576K
}
Event: 21.335 GC heap after
{Heap after GC invocations=26 (full 0):
 garbage-first heap   total 288768K, used 195827K [0x0000000760e00000, 0x0000000800000000)
  region size 2048K, 3 young (6144K), 3 survivors (6144K)
 Metaspace       used 66795K, committed 67392K, reserved 1114112K
  class space    used 9079K, committed 9344K, reserved 1048576K
}
Event: 21.358 GC heap before
{Heap before GC invocations=26 (full 0):
 garbage-first heap   total 288768K, used 216307K [0x0000000760e00000, 0x0000000800000000)
  region size 2048K, 13 young (26624K), 3 survivors (6144K)
 Metaspace       used 66795K, committed 67392K, reserved 1114112K
  class space    used 9079K, committed 9344K, reserved 1048576K
}
Event: 21.379 GC heap after
{Heap after GC invocations=27 (full 0):
 garbage-first heap   total 866304K, used 212720K [0x0000000760e00000, 0x0000000800000000)
  region size 2048K, 2 young (4096K), 2 survivors (4096K)
 Metaspace       used 66795K, committed 67392K, reserved 1114112K
  class space    used 9079K, committed 9344K, reserved 1048576K
}
Event: 21.896 GC heap before
{Heap before GC invocations=28 (full 0):
 garbage-first heap   total 819200K, used 394992K [0x0000000760e00000, 0x0000000800000000)
  region size 2048K, 91 young (186368K), 2 survivors (4096K)
 Metaspace       used 66795K, committed 67392K, reserved 1114112K
  class space    used 9079K, committed 9344K, reserved 1048576K
}
Event: 22.039 GC heap after
{Heap after GC invocations=29 (full 0):
 garbage-first heap   total 819200K, used 343575K [0x0000000760e00000, 0x0000000800000000)
  region size 2048K, 12 young (24576K), 12 survivors (24576K)
 Metaspace       used 66795K, committed 67392K, reserved 1114112K
  class space    used 9079K, committed 9344K, reserved 1048576K
}
Event: 22.056 GC heap before
{Heap before GC invocations=29 (full 0):
 garbage-first heap   total 819200K, used 359959K [0x0000000760e00000, 0x0000000800000000)
  region size 2048K, 20 young (40960K), 12 survivors (24576K)
 Metaspace       used 66795K, committed 67392K, reserved 1114112K
  class space    used 9079K, committed 9344K, reserved 1048576K
}
Event: 22.088 GC heap after
{Heap after GC invocations=30 (full 0):
 garbage-first heap   total 819200K, used 356080K [0x0000000760e00000, 0x0000000800000000)
  region size 2048K, 3 young (6144K), 3 survivors (6144K)
 Metaspace       used 66795K, committed 67392K, reserved 1114112K
  class space    used 9079K, committed 9344K, reserved 1048576K
}
Event: 22.195 GC heap before
{Heap before GC invocations=30 (full 0):
 garbage-first heap   total 819200K, used 478960K [0x0000000760e00000, 0x0000000800000000)
  region size 2048K, 64 young (131072K), 3 survivors (6144K)
 Metaspace       used 66795K, committed 67392K, reserved 1114112K
  class space    used 9079K, committed 9344K, reserved 1048576K
}
Event: 22.274 GC heap after
{Heap after GC invocations=31 (full 0):
 garbage-first heap   total 819200K, used 450288K [0x0000000760e00000, 0x0000000800000000)
  region size 2048K, 8 young (16384K), 8 survivors (16384K)
 Metaspace       used 66795K, committed 67392K, reserved 1114112K
  class space    used 9079K, committed 9344K, reserved 1048576K
}
Event: 22.364 GC heap before
{Heap before GC invocations=31 (full 0):
 garbage-first heap   total 819200K, used 548592K [0x0000000760e00000, 0x0000000800000000)
  region size 2048K, 56 young (114688K), 8 survivors (16384K)
 Metaspace       used 66795K, committed 67392K, reserved 1114112K
  class space    used 9079K, committed 9344K, reserved 1048576K
}
Event: 22.498 GC heap after
{Heap after GC invocations=32 (full 0):
 garbage-first heap   total 819200K, used 522992K [0x0000000760e00000, 0x0000000800000000)
  region size 2048K, 7 young (14336K), 7 survivors (14336K)
 Metaspace       used 66795K, committed 67392K, reserved 1114112K
  class space    used 9079K, committed 9344K, reserved 1048576K
}
Event: 22.651 GC heap before
{Heap before GC invocations=32 (full 0):
 garbage-first heap   total 819200K, used 602864K [0x0000000760e00000, 0x0000000800000000)
  region size 2048K, 46 young (94208K), 7 survivors (14336K)
 Metaspace       used 66795K, committed 67392K, reserved 1114112K
  class space    used 9079K, committed 9344K, reserved 1048576K
}

