# JRE version: OpenJDK Runtime Environment (19.0.1+10) (build 19.0.1+10-21)
# Java VM: OpenJDK 64-Bit Server VM (19.0.1+10-21, mixed mode, emulated-client, sharing, tiered, compressed oops, compressed class ptrs, g1 gc, windows-amd64)
GC Precious Log:
 CardTable entry size: 512
 Card Set container configuration: InlinePtr #cards 4 size 8 Array Of Cards #cards 16 size 48 Howl #buckets 8 coarsen threshold 3686 Howl Bitmap #cards 512 size 80 coarsen threshold 460 Card regions per heap region 1 cards per card region 4096
 CPUs: 8 total, 8 available
 Memory: 10177M
 Large Page Support: Disabled
 NUMA Support: Disabled
 Compressed Oops: Enabled (Zero based)
 Heap Region Size: 2M
 Heap Min Capacity: 8M
 Heap Initial Capacity: 160M
 Heap Max Capacity: 2546M
 Pre-touch: Disabled
 Parallel Workers: 8
 Concurrent Workers: 2
 Concurrent Refinement Workers: 8
 Periodic GC: Disabled
Heap:
 garbage-first heap   total 104448K, used 67960K [0x0000000760e00000, 0x0000000800000000)
  region size 2048K, 3 young (6144K), 2 survivors (4096K)
 Metaspace       used 66664K, committed 67776K, reserved 1114112K
  class space    used 9058K, committed 9472K, reserved 1048576K
GC Heap History (20 events):
Event: 13.988 GC heap before
{Heap before GC invocations=15 (full 0):
 garbage-first heap   total 75776K, used 27722K [0x0000000760e00000, 0x0000000800000000)
  region size 2048K, 5 young (10240K), 3 survivors (6144K)
 Metaspace       used 59810K, committed 60416K, reserved 1114112K
  class space    used 8176K, committed 8448K, reserved 1048576K
}
Event: 13.997 GC heap after
{Heap after GC invocations=16 (full 0):
 garbage-first heap   total 75776K, used 26060K [0x0000000760e00000, 0x0000000800000000)
  region size 2048K, 2 young (4096K), 2 survivors (4096K)
 Metaspace       used 59810K, committed 60416K, reserved 1114112K
  class space    used 8176K, committed 8448K, reserved 1048576K
}
Event: 57.926 GC heap before
{Heap before GC invocations=17 (full 0):
 garbage-first heap   total 75776K, used 54732K [0x0000000760e00000, 0x0000000800000000)
  region size 2048K, 17 young (34816K), 2 survivors (4096K)
 Metaspace       used 66961K, committed 67584K, reserved 1114112K
  class space    used 9135K, committed 9408K, reserved 1048576K
}
Event: 57.934 GC heap after
{Heap after GC invocations=18 (full 0):
 garbage-first heap   total 75776K, used 29562K [0x0000000760e00000, 0x0000000800000000)
  region size 2048K, 3 young (6144K), 3 survivors (6144K)
 Metaspace       used 66961K, committed 67584K, reserved 1114112K
  class space    used 9135K, committed 9408K, reserved 1048576K
}
Event: 58.049 GC heap before
{Heap before GC invocations=18 (full 0):
 garbage-first heap   total 75776K, used 31610K [0x0000000760e00000, 0x0000000800000000)
  region size 2048K, 4 young (8192K), 3 survivors (6144K)
 Metaspace       used 66962K, committed 67584K, reserved 1114112K
  class space    used 9135K, committed 9408K, reserved 1048576K
}
Event: 58.057 GC heap after
{Heap after GC invocations=19 (full 0):
 garbage-first heap   total 75776K, used 30016K [0x0000000760e00000, 0x0000000800000000)
  region size 2048K, 1 young (2048K), 1 survivors (2048K)
 Metaspace       used 66962K, committed 67584K, reserved 1114112K
  class space    used 9135K, committed 9408K, reserved 1048576K
}
Event: 60.600 GC heap before
{Heap before GC invocations=19 (full 0):
 garbage-first heap   total 75776K, used 54592K [0x0000000760e00000, 0x0000000800000000)
  region size 2048K, 14 young (28672K), 1 survivors (2048K)
 Metaspace       used 66963K, committed 67584K, reserved 1114112K
  class space    used 9135K, committed 9408K, reserved 1048576K
}
Event: 60.604 GC heap after
{Heap after GC invocations=20 (full 0):
 garbage-first heap   total 104448K, used 38352K [0x0000000760e00000, 0x0000000800000000)
  region size 2048K, 2 young (4096K), 2 survivors (4096K)
 Metaspace       used 66963K, committed 67584K, reserved 1114112K
  class space    used 9135K, committed 9408K, reserved 1048576K
}
Event: 65.855 GC heap before
{Heap before GC invocations=20 (full 0):
 garbage-first heap   total 104448K, used 71120K [0x0000000760e00000, 0x0000000800000000)
  region size 2048K, 19 young (38912K), 2 survivors (4096K)
 Metaspace       used 66963K, committed 67584K, reserved 1114112K
  class space    used 9135K, committed 9408K, reserved 1048576K
}
Event: 65.860 GC heap after
{Heap after GC invocations=21 (full 0):
 garbage-first heap   total 104448K, used 50176K [0x0000000760e00000, 0x0000000800000000)
  region size 2048K, 3 young (6144K), 3 survivors (6144K)
 Metaspace       used 66963K, committed 67584K, reserved 1114112K
  class space    used 9135K, committed 9408K, reserved 1048576K
}
Event: 77.728 GC heap before
{Heap before GC invocations=21 (full 0):
 garbage-first heap   total 104448K, used 72704K [0x0000000760e00000, 0x0000000800000000)
  region size 2048K, 15 young (30720K), 3 survivors (6144K)
 Metaspace       used 67082K, committed 67776K, reserved 1114112K
  class space    used 9159K, committed 9472K, reserved 1048576K
}
Event: 77.734 GC heap after
{Heap after GC invocations=22 (full 0):
 garbage-first heap   total 104448K, used 57408K [0x0000000760e00000, 0x0000000800000000)
  region size 2048K, 2 young (4096K), 2 survivors (4096K)
 Metaspace       used 67082K, committed 67776K, reserved 1114112K
  class space    used 9159K, committed 9472K, reserved 1048576K
}
Event: 244.974 GC heap before
{Heap before GC invocations=23 (full 0):
 garbage-first heap   total 104448K, used 75840K [0x0000000760e00000, 0x0000000800000000)
  region size 2048K, 11 young (22528K), 2 survivors (4096K)
 Metaspace       used 66694K, committed 67776K, reserved 1114112K
  class space    used 9066K, committed 9472K, reserved 1048576K
}
Event: 244.980 GC heap after
{Heap after GC invocations=24 (full 0):
 garbage-first heap   total 104448K, used 58309K [0x0000000760e00000, 0x0000000800000000)
  region size 2048K, 1 young (2048K), 1 survivors (2048K)
 Metaspace       used 66694K, committed 67776K, reserved 1114112K
  class space    used 9066K, committed 9472K, reserved 1048576K
}
Event: 257.831 GC heap before
{Heap before GC invocations=24 (full 0):
 garbage-first heap   total 104448K, used 60357K [0x0000000760e00000, 0x0000000800000000)
  region size 2048K, 2 young (4096K), 1 survivors (2048K)
 Metaspace       used 66694K, committed 67776K, reserved 1114112K
  class space    used 9066K, committed 9472K, reserved 1048576K
}
Event: 257.843 GC heap after
{Heap after GC invocations=25 (full 0):
 garbage-first heap   total 104448K, used 57215K [0x0000000760e00000, 0x0000000800000000)
  region size 2048K, 1 young (2048K), 1 survivors (2048K)
 Metaspace       used 66694K, committed 67776K, reserved 1114112K
  class space    used 9066K, committed 9472K, reserved 1048576K
}
Event: 292.675 GC heap before
{Heap before GC invocations=25 (full 0):
 garbage-first heap   total 104448K, used 73599K [0x0000000760e00000, 0x0000000800000000)
  region size 2048K, 10 young (20480K), 1 survivors (2048K)
 Metaspace       used 66694K, committed 67776K, reserved 1114112K
  class space    used 9066K, committed 9472K, reserved 1048576K
}
Event: 292.680 GC heap after
{Heap after GC invocations=26 (full 0):
 garbage-first heap   total 104448K, used 62316K [0x0000000760e00000, 0x0000000800000000)
  region size 2048K, 2 young (4096K), 2 survivors (4096K)
 Metaspace       used 66694K, committed 67776K, reserved 1114112K
  class space    used 9066K, committed 9472K, reserved 1048576K
}
Event: 294.138 GC heap before
{Heap before GC invocations=26 (full 0):
 garbage-first heap   total 104448K, used 76652K [0x0000000760e00000, 0x0000000800000000)
  region size 2048K, 10 young (20480K), 2 survivors (4096K)
 Metaspace       used 66695K, committed 67776K, reserved 1114112K
  class space    used 9067K, committed 9472K, reserved 1048576K
}
Event: 294.145 GC heap after
{Heap after GC invocations=27 (full 0):
 garbage-first heap   total 104448K, used 67960K [0x0000000760e00000, 0x0000000800000000)
  region size 2048K, 2 young (4096K), 2 survivors (4096K)
 Metaspace       used 66695K, committed 67776K, reserved 1114112K
  class space    used 9067K, committed 9472K, reserved 1048576K
}

