# JRE version: OpenJDK Runtime Environment JBR-17.0.5+7-469.71-jcef (17.0.5+7) (build 17.0.5+7-b469.71)
# Java VM: OpenJDK 64-Bit Server VM JBR-17.0.5+7-469.71-jcef (17.0.5+7-b469.71, mixed mode, tiered, compressed oops, compressed class ptrs, g1 gc, windows-amd64)
GC Precious Log:
 CPUs: 8 total, 8 available
 Memory: 10177M
 Large Page Support: Disabled
 NUMA Support: Disabled
 Compressed Oops: Enabled (32-bit)
 Heap Region Size: 1M
 Heap Min Capacity: 128M
 Heap Initial Capacity: 128M
 Heap Max Capacity: 750M
 Pre-touch: Disabled
 Parallel Workers: 8
 Concurrent Workers: 2
 Concurrent Refinement Workers: 8
 Periodic GC: Disabled
Heap:
 garbage-first heap   total 131072K, used 14466K [0x00000000d1200000, 0x0000000100000000)
  region size 1024K, 10 young (10240K), 0 survivors (0K)
 Metaspace       used 20169K, committed 20416K, reserved 1073152K
  class space    used 1956K, committed 2112K, reserved 1048576K
GC Heap History (14 events):
Event: 3.130 GC heap before
{Heap before GC invocations=0 (full 0):
 garbage-first heap   total 131072K, used 22528K [0x00000000d1200000, 0x0000000100000000)
  region size 1024K, 23 young (23552K), 0 survivors (0K)
 Metaspace       used 18787K, committed 19072K, reserved 1073152K
  class space    used 1907K, committed 2048K, reserved 1048576K
}
Event: 3.144 GC heap after
{Heap after GC invocations=1 (full 0):
 garbage-first heap   total 131072K, used 5712K [0x00000000d1200000, 0x0000000100000000)
  region size 1024K, 3 young (3072K), 3 survivors (3072K)
 Metaspace       used 18787K, committed 19072K, reserved 1073152K
  class space    used 1907K, committed 2048K, reserved 1048576K
}
Event: 3600.022 GC heap before
{Heap before GC invocations=1 (full 0):
 garbage-first heap   total 131072K, used 18000K [0x00000000d1200000, 0x0000000100000000)
  region size 1024K, 16 young (16384K), 3 survivors (3072K)
 Metaspace       used 19513K, committed 19712K, reserved 1073152K
  class space    used 1937K, committed 2048K, reserved 1048576K
}
Event: 3600.048 GC heap after
{Heap after GC invocations=2 (full 1):
 garbage-first heap   total 131072K, used 5285K [0x00000000d1200000, 0x0000000100000000)
  region size 1024K, 0 young (0K), 0 survivors (0K)
 Metaspace       used 19513K, committed 19712K, reserved 1073152K
  class space    used 1937K, committed 2048K, reserved 1048576K
}
Event: 7200.050 GC heap before
{Heap before GC invocations=2 (full 1):
 garbage-first heap   total 131072K, used 28837K [0x00000000d1200000, 0x0000000100000000)
  region size 1024K, 24 young (24576K), 0 survivors (0K)
 Metaspace       used 19842K, committed 20160K, reserved 1073152K
  class space    used 1966K, committed 2112K, reserved 1048576K
}
Event: 7200.073 GC heap after
{Heap after GC invocations=3 (full 2):
 garbage-first heap   total 131072K, used 5206K [0x00000000d1200000, 0x0000000100000000)
  region size 1024K, 0 young (0K), 0 survivors (0K)
 Metaspace       used 19745K, committed 20160K, reserved 1073152K
  class space    used 1942K, committed 2112K, reserved 1048576K
}
Event: 9606.805 GC heap before
{Heap before GC invocations=3 (full 2):
 garbage-first heap   total 131072K, used 34902K [0x00000000d1200000, 0x0000000100000000)
  region size 1024K, 29 young (29696K), 0 survivors (0K)
 Metaspace       used 20018K, committed 20288K, reserved 1073152K
  class space    used 1953K, committed 2112K, reserved 1048576K
}
Event: 9606.807 GC heap after
{Heap after GC invocations=4 (full 2):
 garbage-first heap   total 131072K, used 5610K [0x00000000d1200000, 0x0000000100000000)
  region size 1024K, 1 young (1024K), 1 survivors (1024K)
 Metaspace       used 20018K, committed 20288K, reserved 1073152K
  class space    used 1953K, committed 2112K, reserved 1048576K
}
Event: 10800.074 GC heap before
{Heap before GC invocations=4 (full 2):
 garbage-first heap   total 131072K, used 26090K [0x00000000d1200000, 0x0000000100000000)
  region size 1024K, 22 young (22528K), 1 survivors (1024K)
 Metaspace       used 20026K, committed 20288K, reserved 1073152K
  class space    used 1953K, committed 2112K, reserved 1048576K
}
Event: 10800.091 GC heap after
{Heap after GC invocations=5 (full 3):
 garbage-first heap   total 131072K, used 5092K [0x00000000d1200000, 0x0000000100000000)
  region size 1024K, 0 young (0K), 0 survivors (0K)
 Metaspace       used 19990K, committed 20288K, reserved 1073152K
  class space    used 1947K, committed 2112K, reserved 1048576K
}
Event: 14400.093 GC heap before
{Heap before GC invocations=5 (full 3):
 garbage-first heap   total 131072K, used 20452K [0x00000000d1200000, 0x0000000100000000)
  region size 1024K, 16 young (16384K), 0 survivors (0K)
 Metaspace       used 20103K, committed 20352K, reserved 1073152K
  class space    used 1956K, committed 2112K, reserved 1048576K
}
Event: 14400.110 GC heap after
{Heap after GC invocations=6 (full 4):
 garbage-first heap   total 131072K, used 5193K [0x00000000d1200000, 0x0000000100000000)
  region size 1024K, 0 young (0K), 0 survivors (0K)
 Metaspace       used 20103K, committed 20352K, reserved 1073152K
  class space    used 1956K, committed 2112K, reserved 1048576K
}
Event: 18000.111 GC heap before
{Heap before GC invocations=6 (full 4):
 garbage-first heap   total 131072K, used 22601K [0x00000000d1200000, 0x0000000100000000)
  region size 1024K, 18 young (18432K), 0 survivors (0K)
 Metaspace       used 20169K, committed 20416K, reserved 1073152K
  class space    used 1956K, committed 2112K, reserved 1048576K
}
Event: 18000.135 GC heap after
{Heap after GC invocations=7 (full 5):
 garbage-first heap   total 131072K, used 5250K [0x00000000d1200000, 0x0000000100000000)
  region size 1024K, 0 young (0K), 0 survivors (0K)
 Metaspace       used 20169K, committed 20416K, reserved 1073152K
  class space    used 1956K, committed 2112K, reserved 1048576K
}

